build 2/app/intermediates/manifest_merge_blame_file/release/manifest-merger-blame-release-report.txt
1<?xml version="1.0" encoding="utf-8"?>
2<manifest xmlns:android="http://schemas.android.com/apk/res/android"
3    package="com.aptm.ethicaldigit"
4    android:versionCode="1"
5    android:versionName="1.0.0" >
6
7    <uses-sdk
8        android:minSdkVersion="21"
8-->src/main/AndroidManifest.xml
9        android:targetSdkVersion="33" />
9-->src/main/AndroidManifest.xml
10    <!-- Add internet permission here -->
11    <uses-permission android:name="android.permission.INTERNET" />
11-->src/main/AndroidManifest.xml:4:5-67
11-->src/main/AndroidManifest.xml:4:22-64
12    <uses-permission android:name="android.permission.WAKE_LOCK" />
12-->[:firebase_messaging] AndroidManifest.xml:10:5-68
12-->[:firebase_messaging] AndroidManifest.xml:10:22-65
13    <uses-permission android:name="android.permission.ACCESS_NETWORK_STATE" /> <!-- Permissions options for the `notification` group -->
13-->[:firebase_messaging] AndroidManifest.xml:11:5-79
13-->[:firebase_messaging] AndroidManifest.xml:11:22-76
14    <uses-permission android:name="android.permission.POST_NOTIFICATIONS" />
14-->[:firebase_messaging] AndroidManifest.xml:13:5-77
14-->[:firebase_messaging] AndroidManifest.xml:13:22-74
15
16    <queries>
16-->[:flutter_inappwebview] AndroidManifest.xml:9:5-13:15
17        <intent>
17-->[:flutter_inappwebview] AndroidManifest.xml:10:9-12:18
18            <action android:name="android.support.customtabs.action.CustomTabsService" />
18-->[:flutter_inappwebview] AndroidManifest.xml:11:13-90
18-->[:flutter_inappwebview] AndroidManifest.xml:11:21-87
19        </intent>
20
21        <package android:name="com.facebook.katana" />
21-->[com.facebook.android:facebook-common:16.0.1] AndroidManifest.xml:18:9-55
21-->[com.facebook.android:facebook-common:16.0.1] AndroidManifest.xml:18:18-52
22
23        <intent>
23-->[androidx.media2:media2-session:1.2.0] AndroidManifest.xml:25:9-27:18
24            <action android:name="android.media.browse.MediaBrowserService" />
24-->[androidx.media2:media2-session:1.2.0] AndroidManifest.xml:26:13-79
24-->[androidx.media2:media2-session:1.2.0] AndroidManifest.xml:26:21-76
25        </intent>
26        <intent>
26-->[androidx.media2:media2-session:1.2.0] AndroidManifest.xml:28:9-30:18
27            <action android:name="androidx.media2.session.MediaSessionService" />
27-->[androidx.media2:media2-session:1.2.0] AndroidManifest.xml:29:13-82
27-->[androidx.media2:media2-session:1.2.0] AndroidManifest.xml:29:21-79
28        </intent>
29        <intent>
29-->[androidx.media2:media2-session:1.2.0] AndroidManifest.xml:31:9-33:18
30            <action android:name="androidx.media2.session.MediaLibraryService" />
30-->[androidx.media2:media2-session:1.2.0] AndroidManifest.xml:32:13-82
30-->[androidx.media2:media2-session:1.2.0] AndroidManifest.xml:32:21-79
31        </intent>
32    </queries> <!-- Required by older versions of Google Play services to create IID tokens -->
33    <uses-permission android:name="com.google.android.c2dm.permission.RECEIVE" />
33-->[com.google.firebase:firebase-messaging:23.1.2] AndroidManifest.xml:28:5-82
33-->[com.google.firebase:firebase-messaging:23.1.2] AndroidManifest.xml:28:22-79
34    <uses-permission android:name="com.google.android.gms.permission.AD_ID" />
34-->[com.facebook.android:facebook-core:16.0.1] AndroidManifest.xml:16:5-79
34-->[com.facebook.android:facebook-core:16.0.1] AndroidManifest.xml:16:22-76
35    <uses-permission android:name="com.google.android.finsky.permission.BIND_GET_INSTALL_REFERRER_SERVICE" />
35-->[com.android.installreferrer:installreferrer:1.0] AndroidManifest.xml:9:5-110
35-->[com.android.installreferrer:installreferrer:1.0] AndroidManifest.xml:9:22-107
36
37    <application
38        android:name="io.flutter.app.FlutterMultiDexApplication"
38-->src/main/AndroidManifest.xml:8:9-42
39        android:appComponentFactory="androidx.core.app.CoreComponentFactory"
39-->[androidx.core:core:1.8.0] AndroidManifest.xml:24:18-86
40        android:icon="@mipmap/launcher_icon"
40-->src/main/AndroidManifest.xml:9:9-45
41        android:label="aptm"
41-->src/main/AndroidManifest.xml:7:9-29
42        android:supportsRtl="true" >
42-->[com.facebook.android:facebook-login:16.0.1] AndroidManifest.xml:16:18-44
43
44        <!-- Facebook login -->
45        <!-- <meta-data android:name="com.facebook.sdk.ApplicationId" android:value="@string/facebook_app_id"/> -->
46        <meta-data
46-->src/main/AndroidManifest.xml:13:9-111
47            android:name="com.facebook.sdk.ClientToken"
47-->src/main/AndroidManifest.xml:13:20-63
48            android:value="@string/facebook_client_token" />
48-->src/main/AndroidManifest.xml:13:64-109
49        <meta-data
49-->src/main/AndroidManifest.xml:14:9-15:58
50            android:name="com.facebook.sdk.ApplicationId"
50-->src/main/AndroidManifest.xml:14:20-65
51            android:value="@string/facebook_app_id" />
51-->src/main/AndroidManifest.xml:15:17-56
52
53        <activity
53-->src/main/AndroidManifest.xml:17:13-20:52
54            android:name="com.facebook.FacebookActivity"
54-->src/main/AndroidManifest.xml:17:23-67
55            android:configChanges="keyboard|keyboardHidden|screenLayout|screenSize|orientation"
55-->src/main/AndroidManifest.xml:18:17-125
56            android:label="@string/app_name"
56-->src/main/AndroidManifest.xml:20:17-49
57            android:theme="@style/com_facebook_activity_theme" />
57-->[com.facebook.android:facebook-common:16.0.1] AndroidManifest.xml:25:13-63
58        <activity
58-->src/main/AndroidManifest.xml:21:13-30:24
59            android:name="com.facebook.CustomTabActivity"
59-->src/main/AndroidManifest.xml:22:17-62
60            android:exported="true" >
60-->src/main/AndroidManifest.xml:23:17-40
61            <intent-filter>
61-->src/main/AndroidManifest.xml:24:17-29:33
62                <action android:name="android.intent.action.VIEW" />
62-->src/main/AndroidManifest.xml:25:21-73
62-->src/main/AndroidManifest.xml:25:29-70
63
64                <category android:name="android.intent.category.DEFAULT" />
64-->src/main/AndroidManifest.xml:26:21-80
64-->src/main/AndroidManifest.xml:26:31-77
65                <category android:name="android.intent.category.BROWSABLE" />
65-->src/main/AndroidManifest.xml:27:21-82
65-->src/main/AndroidManifest.xml:27:31-79
66
67                <data android:scheme="@string/fb_login_protocol_scheme" />
67-->src/main/AndroidManifest.xml:28:21-79
67-->src/main/AndroidManifest.xml:28:27-76
68            </intent-filter>
69            <intent-filter>
69-->[com.facebook.android:facebook-common:16.0.1] AndroidManifest.xml:31:13-40:29
70                <action android:name="android.intent.action.VIEW" />
70-->src/main/AndroidManifest.xml:25:21-73
70-->src/main/AndroidManifest.xml:25:29-70
71
72                <category android:name="android.intent.category.DEFAULT" />
72-->src/main/AndroidManifest.xml:26:21-80
72-->src/main/AndroidManifest.xml:26:31-77
73                <category android:name="android.intent.category.BROWSABLE" />
73-->src/main/AndroidManifest.xml:27:21-82
73-->src/main/AndroidManifest.xml:27:31-79
74
75                <data
75-->src/main/AndroidManifest.xml:28:21-79
76                    android:host="cct.com.aptm.ethicaldigit"
77                    android:scheme="fbconnect" />
77-->src/main/AndroidManifest.xml:28:27-76
78            </intent-filter>
79        </activity>
80        <activity
80-->src/main/AndroidManifest.xml:32:9-52:20
81            android:name="com.aptm.ethicaldigit.MainActivity"
81-->src/main/AndroidManifest.xml:33:13-41
82            android:configChanges="orientation|keyboardHidden|keyboard|screenSize|smallestScreenSize|locale|layoutDirection|fontScale|screenLayout|density|uiMode"
82-->src/main/AndroidManifest.xml:37:13-163
83            android:exported="true"
83-->src/main/AndroidManifest.xml:34:13-36
84            android:hardwareAccelerated="true"
84-->src/main/AndroidManifest.xml:38:13-47
85            android:launchMode="singleTop"
85-->src/main/AndroidManifest.xml:35:13-43
86            android:theme="@style/LaunchTheme"
86-->src/main/AndroidManifest.xml:36:13-47
87            android:windowSoftInputMode="adjustResize" >
87-->src/main/AndroidManifest.xml:39:13-55
88
89            <!--
90                 Specifies an Android theme to apply to this Activity as soon as
91                 the Android process has started. This theme is visible to the user
92                 while the Flutter UI initializes. After that, this theme continues
93                 to determine the Window background behind the Flutter UI.
94            -->
95            <meta-data
95-->src/main/AndroidManifest.xml:44:13-47:17
96                android:name="io.flutter.embedding.android.NormalTheme"
96-->src/main/AndroidManifest.xml:45:15-70
97                android:resource="@style/NormalTheme" />
97-->src/main/AndroidManifest.xml:46:15-52
98
99            <intent-filter>
99-->src/main/AndroidManifest.xml:48:13-51:29
100                <action android:name="android.intent.action.MAIN" />
100-->src/main/AndroidManifest.xml:49:17-68
100-->src/main/AndroidManifest.xml:49:25-66
101
102                <category android:name="android.intent.category.LAUNCHER" />
102-->src/main/AndroidManifest.xml:50:17-76
102-->src/main/AndroidManifest.xml:50:27-74
103            </intent-filter>
104        </activity>
105        <!--
106             Don't delete the meta-data below.
107             This is used by the Flutter tool to generate GeneratedPluginRegistrant.java
108        -->
109        <meta-data
109-->src/main/AndroidManifest.xml:55:9-57:33
110            android:name="flutterEmbedding"
110-->src/main/AndroidManifest.xml:56:13-44
111            android:value="2" />
111-->src/main/AndroidManifest.xml:57:13-30
112
113        <service
113-->[:firebase_auth] AndroidManifest.xml:10:9-14:19
114            android:name="com.google.firebase.components.ComponentDiscoveryService"
114-->[:firebase_auth] AndroidManifest.xml:10:18-89
115            android:directBootAware="true"
115-->[com.google.firebase:firebase-common:20.3.2] AndroidManifest.xml:34:13-43
116            android:exported="false" >
116-->[com.google.firebase:firebase-auth:22.0.0] AndroidManifest.xml:68:13-37
117            <meta-data
117-->[:firebase_auth] AndroidManifest.xml:11:13-13:85
118                android:name="com.google.firebase.components:io.flutter.plugins.firebase.auth.FlutterFirebaseAuthRegistrar"
118-->[:firebase_auth] AndroidManifest.xml:12:17-124
119                android:value="com.google.firebase.components.ComponentRegistrar" />
119-->[:firebase_auth] AndroidManifest.xml:13:17-82
120            <meta-data
120-->[:firebase_messaging] AndroidManifest.xml:38:13-40:85
121                android:name="com.google.firebase.components:io.flutter.plugins.firebase.messaging.FlutterFirebaseAppRegistrar"
121-->[:firebase_messaging] AndroidManifest.xml:39:17-128
122                android:value="com.google.firebase.components.ComponentRegistrar" />
122-->[:firebase_messaging] AndroidManifest.xml:40:17-82
123            <meta-data
123-->[:firebase_core] AndroidManifest.xml:11:13-13:85
124                android:name="com.google.firebase.components:io.flutter.plugins.firebase.core.FlutterFirebaseCoreRegistrar"
124-->[:firebase_core] AndroidManifest.xml:12:17-124
125                android:value="com.google.firebase.components.ComponentRegistrar" />
125-->[:firebase_core] AndroidManifest.xml:13:17-82
126            <meta-data
126-->[com.google.firebase:firebase-auth:22.0.0] AndroidManifest.xml:69:13-71:85
127                android:name="com.google.firebase.components:com.google.firebase.auth.FirebaseAuthRegistrar"
127-->[com.google.firebase:firebase-auth:22.0.0] AndroidManifest.xml:70:17-109
128                android:value="com.google.firebase.components.ComponentRegistrar" />
128-->[com.google.firebase:firebase-auth:22.0.0] AndroidManifest.xml:71:17-82
129            <meta-data
129-->[com.google.firebase:firebase-messaging:23.1.2] AndroidManifest.xml:55:13-57:85
130                android:name="com.google.firebase.components:com.google.firebase.messaging.FirebaseMessagingRegistrar"
130-->[com.google.firebase:firebase-messaging:23.1.2] AndroidManifest.xml:56:17-119
131                android:value="com.google.firebase.components.ComponentRegistrar" />
131-->[com.google.firebase:firebase-messaging:23.1.2] AndroidManifest.xml:57:17-82
132            <meta-data
132-->[com.google.firebase:firebase-iid:21.1.0] AndroidManifest.xml:32:13-34:85
133                android:name="com.google.firebase.components:com.google.firebase.iid.Registrar"
133-->[com.google.firebase:firebase-iid:21.1.0] AndroidManifest.xml:33:17-96
134                android:value="com.google.firebase.components.ComponentRegistrar" />
134-->[com.google.firebase:firebase-iid:21.1.0] AndroidManifest.xml:34:17-82
135            <meta-data
135-->[com.google.firebase:firebase-installations:17.1.3] AndroidManifest.xml:17:13-19:85
136                android:name="com.google.firebase.components:com.google.firebase.installations.FirebaseInstallationsRegistrar"
136-->[com.google.firebase:firebase-installations:17.1.3] AndroidManifest.xml:18:17-127
137                android:value="com.google.firebase.components.ComponentRegistrar" />
137-->[com.google.firebase:firebase-installations:17.1.3] AndroidManifest.xml:19:17-82
138            <meta-data
138-->[com.google.firebase:firebase-datatransport:18.1.7] AndroidManifest.xml:27:13-29:85
139                android:name="com.google.firebase.components:com.google.firebase.datatransport.TransportRegistrar"
139-->[com.google.firebase:firebase-datatransport:18.1.7] AndroidManifest.xml:28:17-115
140                android:value="com.google.firebase.components.ComponentRegistrar" />
140-->[com.google.firebase:firebase-datatransport:18.1.7] AndroidManifest.xml:29:17-82
141        </service>
142        <service
142-->[:firebase_messaging] AndroidManifest.xml:16:9-19:72
143            android:name="io.flutter.plugins.firebase.messaging.FlutterFirebaseMessagingBackgroundService"
143-->[:firebase_messaging] AndroidManifest.xml:17:13-107
144            android:exported="false"
144-->[:firebase_messaging] AndroidManifest.xml:18:13-37
145            android:permission="android.permission.BIND_JOB_SERVICE" />
145-->[:firebase_messaging] AndroidManifest.xml:19:13-69
146        <service
146-->[:firebase_messaging] AndroidManifest.xml:20:9-26:19
147            android:name="io.flutter.plugins.firebase.messaging.FlutterFirebaseMessagingService"
147-->[:firebase_messaging] AndroidManifest.xml:21:13-97
148            android:exported="false" >
148-->[:firebase_messaging] AndroidManifest.xml:22:13-37
149            <intent-filter>
149-->[:firebase_messaging] AndroidManifest.xml:23:13-25:29
150                <action android:name="com.google.firebase.MESSAGING_EVENT" />
150-->[:firebase_messaging] AndroidManifest.xml:24:17-78
150-->[:firebase_messaging] AndroidManifest.xml:24:25-75
151            </intent-filter>
152        </service>
153
154        <receiver
154-->[:firebase_messaging] AndroidManifest.xml:28:9-35:20
155            android:name="io.flutter.plugins.firebase.messaging.FlutterFirebaseMessagingReceiver"
155-->[:firebase_messaging] AndroidManifest.xml:29:13-98
156            android:exported="true"
156-->[:firebase_messaging] AndroidManifest.xml:30:13-36
157            android:permission="com.google.android.c2dm.permission.SEND" >
157-->[:firebase_messaging] AndroidManifest.xml:31:13-73
158            <intent-filter>
158-->[:firebase_messaging] AndroidManifest.xml:32:13-34:29
159                <action android:name="com.google.android.c2dm.intent.RECEIVE" />
159-->[:firebase_messaging] AndroidManifest.xml:33:17-81
159-->[:firebase_messaging] AndroidManifest.xml:33:25-78
160            </intent-filter>
161        </receiver>
162
163        <provider
163-->[:firebase_messaging] AndroidManifest.xml:43:9-47:38
164            android:name="io.flutter.plugins.firebase.messaging.FlutterFirebaseMessagingInitProvider"
164-->[:firebase_messaging] AndroidManifest.xml:44:13-102
165            android:authorities="com.aptm.ethicaldigit.flutterfirebasemessaginginitprovider"
165-->[:firebase_messaging] AndroidManifest.xml:45:13-88
166            android:exported="false"
166-->[:firebase_messaging] AndroidManifest.xml:46:13-37
167            android:initOrder="99" />
167-->[:firebase_messaging] AndroidManifest.xml:47:13-35
168
169        <activity
169-->[:url_launcher_android] AndroidManifest.xml:10:9-13:74
170            android:name="io.flutter.plugins.urllauncher.WebViewActivity"
170-->[:url_launcher_android] AndroidManifest.xml:11:13-74
171            android:exported="false"
171-->[:url_launcher_android] AndroidManifest.xml:12:13-37
172            android:theme="@android:style/Theme.NoTitleBar.Fullscreen" />
172-->[:url_launcher_android] AndroidManifest.xml:13:13-71
173        <activity
173-->[:flutter_inappwebview] AndroidManifest.xml:16:9-20:47
174            android:name="com.pichillilorenzo.flutter_inappwebview.in_app_browser.InAppBrowserActivity"
174-->[:flutter_inappwebview] AndroidManifest.xml:17:13-104
175            android:configChanges="orientation|keyboardHidden|keyboard|screenSize|locale|layoutDirection|fontScale|screenLayout|density"
175-->[:flutter_inappwebview] AndroidManifest.xml:18:13-137
176            android:exported="false"
176-->[:flutter_inappwebview] AndroidManifest.xml:19:13-37
177            android:theme="@style/AppTheme" />
177-->[:flutter_inappwebview] AndroidManifest.xml:20:13-44
178        <activity
178-->[:flutter_inappwebview] AndroidManifest.xml:21:9-24:55
179            android:name="com.pichillilorenzo.flutter_inappwebview.chrome_custom_tabs.ChromeCustomTabsActivity"
179-->[:flutter_inappwebview] AndroidManifest.xml:22:13-112
180            android:exported="false"
180-->[:flutter_inappwebview] AndroidManifest.xml:23:13-37
181            android:theme="@style/ThemeTransparent" />
181-->[:flutter_inappwebview] AndroidManifest.xml:24:13-52
182        <activity
182-->[:flutter_inappwebview] AndroidManifest.xml:25:9-28:55
183            android:name="com.pichillilorenzo.flutter_inappwebview.chrome_custom_tabs.TrustedWebActivity"
183-->[:flutter_inappwebview] AndroidManifest.xml:26:13-106
184            android:exported="false"
184-->[:flutter_inappwebview] AndroidManifest.xml:27:13-37
185            android:theme="@style/ThemeTransparent" />
185-->[:flutter_inappwebview] AndroidManifest.xml:28:13-52
186        <activity
186-->[:flutter_inappwebview] AndroidManifest.xml:29:9-33:55
187            android:name="com.pichillilorenzo.flutter_inappwebview.chrome_custom_tabs.ChromeCustomTabsActivitySingleInstance"
187-->[:flutter_inappwebview] AndroidManifest.xml:30:13-126
188            android:exported="false"
188-->[:flutter_inappwebview] AndroidManifest.xml:31:13-37
189            android:launchMode="singleInstance"
189-->[:flutter_inappwebview] AndroidManifest.xml:32:13-48
190            android:theme="@style/ThemeTransparent" />
190-->[:flutter_inappwebview] AndroidManifest.xml:33:13-52
191        <activity
191-->[:flutter_inappwebview] AndroidManifest.xml:34:9-38:55
192            android:name="com.pichillilorenzo.flutter_inappwebview.chrome_custom_tabs.TrustedWebActivitySingleInstance"
192-->[:flutter_inappwebview] AndroidManifest.xml:35:13-120
193            android:exported="false"
193-->[:flutter_inappwebview] AndroidManifest.xml:36:13-37
194            android:launchMode="singleInstance"
194-->[:flutter_inappwebview] AndroidManifest.xml:37:13-48
195            android:theme="@style/ThemeTransparent" />
195-->[:flutter_inappwebview] AndroidManifest.xml:38:13-52
196
197        <receiver
197-->[:flutter_inappwebview] AndroidManifest.xml:40:9-43:40
198            android:name="com.pichillilorenzo.flutter_inappwebview.chrome_custom_tabs.ActionBroadcastReceiver"
198-->[:flutter_inappwebview] AndroidManifest.xml:41:13-111
199            android:enabled="true"
199-->[:flutter_inappwebview] AndroidManifest.xml:42:13-35
200            android:exported="false" />
200-->[:flutter_inappwebview] AndroidManifest.xml:43:13-37
201
202        <meta-data
202-->[:flutter_inappwebview] AndroidManifest.xml:45:9-47:36
203            android:name="io.flutter.embedded_views_preview"
203-->[:flutter_inappwebview] AndroidManifest.xml:46:13-61
204            android:value="true" />
204-->[:flutter_inappwebview] AndroidManifest.xml:47:13-33
205
206        <activity
206-->[com.google.firebase:firebase-auth:22.0.0] AndroidManifest.xml:29:9-46:20
207            android:name="com.google.firebase.auth.internal.GenericIdpActivity"
207-->[com.google.firebase:firebase-auth:22.0.0] AndroidManifest.xml:30:13-80
208            android:excludeFromRecents="true"
208-->[com.google.firebase:firebase-auth:22.0.0] AndroidManifest.xml:31:13-46
209            android:exported="true"
209-->[com.google.firebase:firebase-auth:22.0.0] AndroidManifest.xml:32:13-36
210            android:launchMode="singleTask"
210-->[com.google.firebase:firebase-auth:22.0.0] AndroidManifest.xml:33:13-44
211            android:theme="@android:style/Theme.Translucent.NoTitleBar" >
211-->[com.google.firebase:firebase-auth:22.0.0] AndroidManifest.xml:34:13-72
212            <intent-filter>
212-->[com.google.firebase:firebase-auth:22.0.0] AndroidManifest.xml:35:13-45:29
213                <action android:name="android.intent.action.VIEW" />
213-->src/main/AndroidManifest.xml:25:21-73
213-->src/main/AndroidManifest.xml:25:29-70
214
215                <category android:name="android.intent.category.DEFAULT" />
215-->src/main/AndroidManifest.xml:26:21-80
215-->src/main/AndroidManifest.xml:26:31-77
216                <category android:name="android.intent.category.BROWSABLE" />
216-->src/main/AndroidManifest.xml:27:21-82
216-->src/main/AndroidManifest.xml:27:31-79
217
218                <data
218-->src/main/AndroidManifest.xml:28:21-79
219                    android:host="firebase.auth"
220                    android:path="/"
221                    android:scheme="genericidp" />
221-->src/main/AndroidManifest.xml:28:27-76
222            </intent-filter>
223        </activity>
224        <activity
224-->[com.google.firebase:firebase-auth:22.0.0] AndroidManifest.xml:47:9-64:20
225            android:name="com.google.firebase.auth.internal.RecaptchaActivity"
225-->[com.google.firebase:firebase-auth:22.0.0] AndroidManifest.xml:48:13-79
226            android:excludeFromRecents="true"
226-->[com.google.firebase:firebase-auth:22.0.0] AndroidManifest.xml:49:13-46
227            android:exported="true"
227-->[com.google.firebase:firebase-auth:22.0.0] AndroidManifest.xml:50:13-36
228            android:launchMode="singleTask"
228-->[com.google.firebase:firebase-auth:22.0.0] AndroidManifest.xml:51:13-44
229            android:theme="@android:style/Theme.Translucent.NoTitleBar" >
229-->[com.google.firebase:firebase-auth:22.0.0] AndroidManifest.xml:52:13-72
230            <intent-filter>
230-->[com.google.firebase:firebase-auth:22.0.0] AndroidManifest.xml:53:13-63:29
231                <action android:name="android.intent.action.VIEW" />
231-->src/main/AndroidManifest.xml:25:21-73
231-->src/main/AndroidManifest.xml:25:29-70
232
233                <category android:name="android.intent.category.DEFAULT" />
233-->src/main/AndroidManifest.xml:26:21-80
233-->src/main/AndroidManifest.xml:26:31-77
234                <category android:name="android.intent.category.BROWSABLE" />
234-->src/main/AndroidManifest.xml:27:21-82
234-->src/main/AndroidManifest.xml:27:31-79
235
236                <data
236-->src/main/AndroidManifest.xml:28:21-79
237                    android:host="firebase.auth"
238                    android:path="/"
239                    android:scheme="recaptcha" />
239-->src/main/AndroidManifest.xml:28:27-76
240            </intent-filter>
241        </activity>
242
243        <uses-library
243-->[androidx.window:window:1.0.0-beta04] AndroidManifest.xml:25:9-27:40
244            android:name="androidx.window.extensions"
244-->[androidx.window:window:1.0.0-beta04] AndroidManifest.xml:26:13-54
245            android:required="false" />
245-->[androidx.window:window:1.0.0-beta04] AndroidManifest.xml:27:13-37
246        <uses-library
246-->[androidx.window:window:1.0.0-beta04] AndroidManifest.xml:28:9-30:40
247            android:name="androidx.window.sidecar"
247-->[androidx.window:window:1.0.0-beta04] AndroidManifest.xml:29:13-51
248            android:required="false" />
248-->[androidx.window:window:1.0.0-beta04] AndroidManifest.xml:30:13-37
249
250        <activity
250-->[com.google.android.gms:play-services-auth:20.5.0] AndroidManifest.xml:23:9-27:75
251            android:name="com.google.android.gms.auth.api.signin.internal.SignInHubActivity"
251-->[com.google.android.gms:play-services-auth:20.5.0] AndroidManifest.xml:24:13-93
252            android:excludeFromRecents="true"
252-->[com.google.android.gms:play-services-auth:20.5.0] AndroidManifest.xml:25:13-46
253            android:exported="false"
253-->[com.google.android.gms:play-services-auth:20.5.0] AndroidManifest.xml:26:13-37
254            android:theme="@android:style/Theme.Translucent.NoTitleBar" />
254-->[com.google.android.gms:play-services-auth:20.5.0] AndroidManifest.xml:27:13-72
255        <!--
256            Service handling Google Sign-In user revocation. For apps that do not integrate with
257            Google Sign-In, this service will never be started.
258        -->
259        <service
259-->[com.google.android.gms:play-services-auth:20.5.0] AndroidManifest.xml:33:9-37:51
260            android:name="com.google.android.gms.auth.api.signin.RevocationBoundService"
260-->[com.google.android.gms:play-services-auth:20.5.0] AndroidManifest.xml:34:13-89
261            android:exported="true"
261-->[com.google.android.gms:play-services-auth:20.5.0] AndroidManifest.xml:35:13-36
262            android:permission="com.google.android.gms.auth.api.signin.permission.REVOCATION_NOTIFICATION"
262-->[com.google.android.gms:play-services-auth:20.5.0] AndroidManifest.xml:36:13-107
263            android:visibleToInstantApps="true" />
263-->[com.google.android.gms:play-services-auth:20.5.0] AndroidManifest.xml:37:13-48
264
265        <activity android:name="com.facebook.CustomTabMainActivity" />
265-->[com.facebook.android:facebook-common:16.0.1] AndroidManifest.xml:26:9-71
265-->[com.facebook.android:facebook-common:16.0.1] AndroidManifest.xml:26:19-68
266
267        <receiver
267-->[com.google.firebase:firebase-messaging:23.1.2] AndroidManifest.xml:31:9-38:20
268            android:name="com.google.firebase.iid.FirebaseInstanceIdReceiver"
268-->[com.google.firebase:firebase-messaging:23.1.2] AndroidManifest.xml:32:13-78
269            android:exported="true"
269-->[com.google.firebase:firebase-messaging:23.1.2] AndroidManifest.xml:33:13-36
270            android:permission="com.google.android.c2dm.permission.SEND" >
270-->[com.google.firebase:firebase-messaging:23.1.2] AndroidManifest.xml:34:13-73
271            <intent-filter>
271-->[:firebase_messaging] AndroidManifest.xml:32:13-34:29
272                <action android:name="com.google.android.c2dm.intent.RECEIVE" />
272-->[:firebase_messaging] AndroidManifest.xml:33:17-81
272-->[:firebase_messaging] AndroidManifest.xml:33:25-78
273            </intent-filter>
274        </receiver>
275        <!--
276             FirebaseMessagingService performs security checks at runtime,
277             but set to not exported to explicitly avoid allowing another app to call it.
278        -->
279        <service
279-->[com.google.firebase:firebase-messaging:23.1.2] AndroidManifest.xml:44:9-51:19
280            android:name="com.google.firebase.messaging.FirebaseMessagingService"
280-->[com.google.firebase:firebase-messaging:23.1.2] AndroidManifest.xml:45:13-82
281            android:directBootAware="true"
281-->[com.google.firebase:firebase-messaging:23.1.2] AndroidManifest.xml:46:13-43
282            android:exported="false" >
282-->[com.google.firebase:firebase-messaging:23.1.2] AndroidManifest.xml:47:13-37
283            <intent-filter android:priority="-500" >
283-->[:firebase_messaging] AndroidManifest.xml:23:13-25:29
284                <action android:name="com.google.firebase.MESSAGING_EVENT" />
284-->[:firebase_messaging] AndroidManifest.xml:24:17-78
284-->[:firebase_messaging] AndroidManifest.xml:24:25-75
285            </intent-filter>
286        </service>
287
288        <activity
288-->[com.google.android.gms:play-services-base:18.0.1] AndroidManifest.xml:20:9-22:45
289            android:name="com.google.android.gms.common.api.GoogleApiActivity"
289-->[com.google.android.gms:play-services-base:18.0.1] AndroidManifest.xml:20:19-85
290            android:exported="false"
290-->[com.google.android.gms:play-services-base:18.0.1] AndroidManifest.xml:22:19-43
291            android:theme="@android:style/Theme.Translucent.NoTitleBar" />
291-->[com.google.android.gms:play-services-base:18.0.1] AndroidManifest.xml:21:19-78
292
293        <provider
293-->[com.google.firebase:firebase-common:20.3.2] AndroidManifest.xml:25:9-30:39
294            android:name="com.google.firebase.provider.FirebaseInitProvider"
294-->[com.google.firebase:firebase-common:20.3.2] AndroidManifest.xml:26:13-77
295            android:authorities="com.aptm.ethicaldigit.firebaseinitprovider"
295-->[com.google.firebase:firebase-common:20.3.2] AndroidManifest.xml:27:13-72
296            android:directBootAware="true"
296-->[com.google.firebase:firebase-common:20.3.2] AndroidManifest.xml:28:13-43
297            android:exported="false"
297-->[com.google.firebase:firebase-common:20.3.2] AndroidManifest.xml:29:13-37
298            android:initOrder="100" />
298-->[com.google.firebase:firebase-common:20.3.2] AndroidManifest.xml:30:13-36
299
300        <meta-data
300-->[com.google.android.gms:play-services-basement:18.2.0] AndroidManifest.xml:21:9-23:69